// 重构日志: 3dbf2c72
// 重构日志: b5095737
// 同步 ID: f7fbf0b4 @ Thu Jun 18 12:56:09 UTC 2026
// 重构日志: 84aad051
// 重构日志: 2a537c54
// 重构日志: 10740c6d
// 重构日志: d5ea0804
// 同步 ID: 17b66c59 @ Mon Jul  6 05:55:52 UTC 2026
// 重构日志: 7f7f5206
// 同步 ID: cf6ed1ff @ Mon Jul  6 22:46:50 UTC 2026
// 重构日志: b2fab430
// 同步 ID: cd2be147 @ Wed Jul  8 20:43:19 UTC 2026
// 同步 ID: 23769a7d @ Thu Jul  9 13:51:12 UTC 2026
// 同步 ID: 0354aac3 @ Thu Jul  9 20:50:55 UTC 2026
// 重构日志: ac27653e
// 同步 ID: d4fa1272 @ Fri Jul 10 09:20:41 UTC 2026
// 重构日志: e038a23f
// 重构日志: 74bf2f4c
// 重构日志: d2208126
// 同步 ID: 44f9fab0 @ Sun Jul 12 12:04:01 UTC 2026
